d:\desktop\district6_0507\framework\debug\framework.pdb
d:\desktop\district6_0507\framework\debug\framework.idb
d:\desktop\district6_0507\framework\debug\animationmodel.obj
d:\desktop\district6_0507\framework\debug\assimpconverter.obj
d:\desktop\district6_0507\framework\debug\xml.obj
d:\desktop\district6_0507\framework\debug\blendstate.obj
d:\desktop\district6_0507\framework\debug\texture.obj
d:\desktop\district6_0507\framework\debug\constbuffer.obj
d:\desktop\district6_0507\framework\debug\boxcollider.obj
d:\desktop\district6_0507\framework\debug\modelreader.obj
d:\desktop\district6_0507\framework\debug\computshader.obj
d:\desktop\district6_0507\framework\debug\commonstates.obj
d:\desktop\district6_0507\framework\debug\buffer.obj
d:\desktop\district6_0507\framework\debug\modelrender.obj
d:\desktop\district6_0507\framework\debug\modelmeshpart.obj
d:\desktop\district6_0507\framework\debug\modelmesh.obj
d:\desktop\district6_0507\framework\debug\modelclip.obj
d:\desktop\district6_0507\framework\debug\modelanimator.obj
d:\desktop\district6_0507\framework\debug\model.obj
d:\desktop\district6_0507\framework\debug\vector3.obj
d:\desktop\district6_0507\framework\debug\transform.obj
d:\desktop\district6_0507\framework\debug\math.obj
d:\desktop\district6_0507\framework\debug\device.obj
d:\desktop\district6_0507\framework\debug\spherecollider.obj
d:\desktop\district6_0507\framework\debug\collider.obj
d:\desktop\district6_0507\framework\debug\timer.obj
d:\desktop\district6_0507\framework\debug\soundmanager.obj
d:\desktop\district6_0507\framework\debug\path.obj
d:\desktop\district6_0507\framework\debug\keyboard.obj
d:\desktop\district6_0507\framework\debug\binary.obj
d:\desktop\district6_0507\framework\debug\samplerstate.obj
d:\desktop\district6_0507\framework\debug\rasterizerstate.obj
d:\desktop\district6_0507\framework\debug\depthstencilstate.obj
d:\desktop\district6_0507\framework\debug\shader.obj
d:\desktop\district6_0507\framework\debug\selfshader.obj
d:\desktop\district6_0507\framework\debug\rendertarget.obj
d:\desktop\district6_0507\framework\debug\material.obj
d:\desktop\district6_0507\framework\debug\depthstencil.obj
d:\desktop\district6_0507\framework\debug\csresource.obj
d:\desktop\district6_0507\framework\debug\csbuffer.obj
d:\desktop\district6_0507\debug\modelcs.cso
d:\desktop\district6_0507\debug\framework.lib
d:\desktop\district6_0507\framework\debug\soundmanager.new.obj.enc
d:\desktop\district6_0507\debug\framework.pdb
d:\desktop\district6_0507\framework\debug\framework.tlog\cl.command.1.tlog
d:\desktop\district6_0507\framework\debug\framework.tlog\cl.read.1.tlog
d:\desktop\district6_0507\framework\debug\framework.tlog\cl.write.1.tlog
d:\desktop\district6_0507\framework\debug\framework.tlog\fxc.command.1.tlog
d:\desktop\district6_0507\framework\debug\framework.tlog\fxc.read.1.tlog
d:\desktop\district6_0507\framework\debug\framework.tlog\fxc.write.1.tlog
d:\desktop\district6_0507\framework\debug\framework.tlog\lib-link.read.1.tlog
d:\desktop\district6_0507\framework\debug\framework.tlog\lib-link.write.1.tlog
d:\desktop\district6_0507\framework\debug\framework.tlog\lib.command.1.tlog
