d:\desktop\district6_0507\dx11_1908\debug\vc142.pdb
d:\desktop\district6_0507\dx11_1908\debug\vc142.idb
d:\desktop\district6_0507\dx11_1908\debug\playscene.obj
d:\desktop\district6_0507\dx11_1908\debug\modelinstance.obj
d:\desktop\district6_0507\dx11_1908\debug\fpsmodel.obj
d:\desktop\district6_0507\dx11_1908\debug\program.obj
d:\desktop\district6_0507\dx11_1908\debug\sphere.obj
d:\desktop\district6_0507\dx11_1908\debug\dx11_1908.obj
d:\desktop\district6_0507\dx11_1908\debug\kaya.obj
d:\desktop\district6_0507\dx11_1908\debug\enemymanager.obj
d:\desktop\district6_0507\dx11_1908\debug\enemy.obj
d:\desktop\district6_0507\dx11_1908\debug\aniinstance.obj
d:\desktop\district6_0507\dx11_1908\debug\light.obj
d:\desktop\district6_0507\dx11_1908\debug\terraineditor.obj
d:\desktop\district6_0507\dx11_1908\debug\terrain.obj
d:\desktop\district6_0507\dx11_1908\debug\cubesky.obj
d:\desktop\district6_0507\dx11_1908\debug\billboard.obj
d:\desktop\district6_0507\dx11_1908\debug\environment.obj
d:\desktop\district6_0507\dx11_1908\debug\freecam.obj
d:\desktop\district6_0507\dx11_1908\debug\followcam.obj
d:\desktop\district6_0507\dx11_1908\debug\fixitycam.obj
d:\desktop\district6_0507\dx11_1908\debug\fpscam.obj
d:\desktop\district6_0507\dx11_1908\debug\camera.obj
d:\desktop\district6_0507\dx11_1908\debug\node.obj
d:\desktop\district6_0507\dx11_1908\debug\heap.obj
d:\desktop\district6_0507\dx11_1908\debug\astar.obj
d:\desktop\district6_0507\dx11_1908\debug\titlescene.obj
d:\desktop\district6_0507\dx11_1908\debug\scenemanager.obj
d:\desktop\district6_0507\dx11_1908\debug\maptoolscene.obj
d:\desktop\district6_0507\dx11_1908\debug\endscene.obj
d:\desktop\district6_0507\dx11_1908\debug\uimanager.obj
d:\desktop\district6_0507\dx11_1908\debug\render2d.obj
d:\desktop\district6_0507\dx11_1908\debug\radialblur.obj
d:\desktop\district6_0507\dx11_1908\debug\shadow.obj
d:\desktop\district6_0507\dx11_1908\debug\reflection.obj
d:\desktop\district6_0507\dx11_1908\debug\spark.obj
d:\desktop\district6_0507\dx11_1908\debug\snow.obj
d:\desktop\district6_0507\dx11_1908\debug\rain.obj
d:\desktop\district6_0507\dx11_1908\debug\particle.obj
d:\desktop\district6_0507\debug\collider.cso
d:\desktop\district6_0507\debug\cubesky.cso
d:\desktop\district6_0507\debug\geometrybillboard.cso
d:\desktop\district6_0507\debug\instancing.cso
d:\desktop\district6_0507\debug\intersection.cso
d:\desktop\district6_0507\debug\model.cso
d:\desktop\district6_0507\debug\modelani.cso
d:\desktop\district6_0507\debug\modelanimation.cso
d:\desktop\district6_0507\debug\modelanimationinstancing.cso
d:\desktop\district6_0507\debug\modelinstancing.cso
d:\desktop\district6_0507\debug\radialblur.cso
d:\desktop\district6_0507\debug\rain.cso
d:\desktop\district6_0507\debug\render2d.cso
d:\desktop\district6_0507\debug\shadowdepth.cso
d:\desktop\district6_0507\debug\snow.cso
d:\desktop\district6_0507\debug\spark.cso
d:\desktop\district6_0507\debug\specular.cso
d:\desktop\district6_0507\debug\terrain.cso
d:\desktop\district6_0507\debug\texture2d.cso
d:\desktop\district6_0507\debug\dx11_1908.exe
d:\desktop\district6_0507\debug\dx11_1908.ilk
d:\desktop\district6_0507\debug\dx11_1908.pdb
d:\desktop\district6_0507\dx11_1908\debug\dx11_1908.res
d:\desktop\district6_0507\dx11_1908\debug\dx11_1908.tlog\cl.command.1.tlog
d:\desktop\district6_0507\dx11_1908\debug\dx11_1908.tlog\cl.read.1.tlog
d:\desktop\district6_0507\dx11_1908\debug\dx11_1908.tlog\cl.write.1.tlog
d:\desktop\district6_0507\dx11_1908\debug\dx11_1908.tlog\fxc.command.1.tlog
d:\desktop\district6_0507\dx11_1908\debug\dx11_1908.tlog\fxc.read.1.tlog
d:\desktop\district6_0507\dx11_1908\debug\dx11_1908.tlog\fxc.write.1.tlog
d:\desktop\district6_0507\dx11_1908\debug\dx11_1908.tlog\link.command.1.tlog
d:\desktop\district6_0507\dx11_1908\debug\dx11_1908.tlog\link.read.1.tlog
d:\desktop\district6_0507\dx11_1908\debug\dx11_1908.tlog\link.write.1.tlog
d:\desktop\district6_0507\dx11_1908\debug\dx11_1908.tlog\rc.command.1.tlog
d:\desktop\district6_0507\dx11_1908\debug\dx11_1908.tlog\rc.read.1.tlog
d:\desktop\district6_0507\dx11_1908\debug\dx11_1908.tlog\rc.write.1.tlog
